<?xml version="1.0" encoding="UTF-8"?>
<!-- Generated by org.testng.reporters.JUnitReportReporter -->
<testsuite hostname="Himanshu" failures="0" tests="1" name="Execution.Runner" time="6.057" errors="0" timestamp="2024-03-17T11:40:02 IST" skipped="0">
  <testcase classname="Execution.Runner" name="runScenario" time="6.057"/>
  <system-out/>
</testsuite> <!-- Execution.Runner -->
