<?xml version="1.0" encoding="UTF-8"?>
<!-- Generated by org.testng.reporters.JUnitReportReporter -->
<testsuite hostname="Himanshu" failures="0" tests="2" name="Execution.Runner" time="18.546" errors="0" timestamp="2024-03-29T12:39:02 IST" skipped="0">
  <testcase classname="Execution.Runner" name="runScenario" time="6.888"/>
  <system-out/>
  <testcase classname="Execution.Runner" name="runScenario" time="11.658"/>
  <system-out/>
</testsuite> <!-- Execution.Runner -->
