<?xml version="1.0" encoding="UTF-8"?>
<!-- Generated by org.testng.reporters.JUnitReportReporter -->
<testsuite hostname="Himanshu" failures="0" tests="2" name="Execution.Runner" time="8.571" errors="0" timestamp="2024-03-22T08:58:37 IST" skipped="0">
  <testcase classname="Execution.Runner" name="runScenario" time="5.443"/>
  <system-out/>
  <testcase classname="Execution.Runner" name="runScenario" time="3.128"/>
  <system-out/>
</testsuite> <!-- Execution.Runner -->
